<?xml version="1.0" encoding="UTF-8"?>
<testsuite xmlns:xsi="http://www.w3.org/2001/XMLSchema-instance" xsi:noNamespaceSchemaLocation="https://maven.apache.org/surefire/maven-surefire-plugin/xsd/surefire-test-report.xsd" name="org.jrue.tutorials.CucumberRunnerTest" time="0.966" tests="4" errors="0" skipped="4" failures="0">
  <properties>
    <property name="awt.toolkit" value="sun.awt.X11.XToolkit"/>
    <property name="file.encoding.pkg" value="sun.io"/>
    <property name="java.specification.version" value="1.8"/>
    <property name="sun.cpu.isalist" value=""/>
    <property name="sun.jnu.encoding" value="UTF-8"/>
    <property name="java.class.path" value="/root/Desktop/tutorials/src/cucumber-poc/target/test-classes:/root/Desktop/tutorials/src/cucumber-poc/target/classes:/root/.m2/repository/junit/junit/4.11/junit-4.11.jar:/root/.m2/repository/org/hamcrest/hamcrest-core/1.3/hamcrest-core-1.3.jar:/root/.m2/repository/io/cucumber/cucumber-junit/4.0.0/cucumber-junit-4.0.0.jar:/root/.m2/repository/io/cucumber/cucumber-core/4.0.0/cucumber-core-4.0.0.jar:/root/.m2/repository/io/cucumber/cucumber-html/0.2.7/cucumber-html-0.2.7.jar:/root/.m2/repository/io/cucumber/gherkin/5.1.0/gherkin-5.1.0.jar:/root/.m2/repository/io/cucumber/tag-expressions/1.1.1/tag-expressions-1.1.1.jar:/root/.m2/repository/io/cucumber/cucumber-expressions/6.1.0/cucumber-expressions-6.1.0.jar:/root/.m2/repository/io/cucumber/datatable/1.1.3/datatable-1.1.3.jar:/root/.m2/repository/io/cucumber/datatable-dependencies/1.1.3/datatable-dependencies-1.1.3.jar:/root/.m2/repository/io/cucumber/cucumber-java/4.0.0/cucumber-java-4.0.0.jar:/root/.m2/repository/net/jodah/typetools/0.5.0/typetools-0.5.0.jar:"/>
    <property name="java.vm.vendor" value="Oracle Corporation"/>
    <property name="sun.arch.data.model" value="64"/>
    <property name="swing.aatext" value="true"/>
    <property name="java.vendor.url" value="http://java.oracle.com/"/>
    <property name="user.timezone" value=""/>
    <property name="java.vm.specification.version" value="1.8"/>
    <property name="os.name" value="Linux"/>
    <property name="sun.java.launcher" value="SUN_STANDARD"/>
    <property name="user.country" value="US"/>
    <property name="sun.boot.library.path" value="/root/Downloads/graalvm-ce-java8-20.0.0/jre/lib/amd64"/>
    <property name="sun.java.command" value="/root/Desktop/tutorials/src/cucumber-poc/target/surefire/surefirebooter295323840137101545.jar /root/Desktop/tutorials/src/cucumber-poc/target/surefire 2020-02-29T08-18-05_602-jvmRun1 surefire3082334498595983574tmp surefire_02269790197358898019tmp"/>
    <property name="surefire.test.class.path" value="/root/Desktop/tutorials/src/cucumber-poc/target/test-classes:/root/Desktop/tutorials/src/cucumber-poc/target/classes:/root/.m2/repository/junit/junit/4.11/junit-4.11.jar:/root/.m2/repository/org/hamcrest/hamcrest-core/1.3/hamcrest-core-1.3.jar:/root/.m2/repository/io/cucumber/cucumber-junit/4.0.0/cucumber-junit-4.0.0.jar:/root/.m2/repository/io/cucumber/cucumber-core/4.0.0/cucumber-core-4.0.0.jar:/root/.m2/repository/io/cucumber/cucumber-html/0.2.7/cucumber-html-0.2.7.jar:/root/.m2/repository/io/cucumber/gherkin/5.1.0/gherkin-5.1.0.jar:/root/.m2/repository/io/cucumber/tag-expressions/1.1.1/tag-expressions-1.1.1.jar:/root/.m2/repository/io/cucumber/cucumber-expressions/6.1.0/cucumber-expressions-6.1.0.jar:/root/.m2/repository/io/cucumber/datatable/1.1.3/datatable-1.1.3.jar:/root/.m2/repository/io/cucumber/datatable-dependencies/1.1.3/datatable-dependencies-1.1.3.jar:/root/.m2/repository/io/cucumber/cucumber-java/4.0.0/cucumber-java-4.0.0.jar:/root/.m2/repository/net/jodah/typetools/0.5.0/typetools-0.5.0.jar:"/>
    <property name="sun.cpu.endian" value="little"/>
    <property name="user.home" value="/root"/>
    <property name="user.language" value="en"/>
    <property name="java.specification.vendor" value="Oracle Corporation"/>
    <property name="java.home" value="/root/Downloads/graalvm-ce-java8-20.0.0/jre"/>
    <property name="basedir" value="/root/Desktop/tutorials/src/cucumber-poc"/>
    <property name="file.separator" value="/"/>
    <property name="line.separator" value="&#10;"/>
    <property name="java.vm.specification.vendor" value="Oracle Corporation"/>
    <property name="java.specification.name" value="Java Platform API Specification"/>
    <property name="java.awt.graphicsenv" value="sun.awt.X11GraphicsEnvironment"/>
    <property name="surefire.real.class.path" value="/root/Desktop/tutorials/src/cucumber-poc/target/surefire/surefirebooter295323840137101545.jar"/>
    <property name="awt.useSystemAAFontSettings" value="on"/>
    <property name="sun.boot.class.path" value="/root/Downloads/graalvm-ce-java8-20.0.0/jre/lib/resources.jar:/root/Downloads/graalvm-ce-java8-20.0.0/jre/lib/rt.jar:/root/Downloads/graalvm-ce-java8-20.0.0/jre/lib/sunrsasign.jar:/root/Downloads/graalvm-ce-java8-20.0.0/jre/lib/jsse.jar:/root/Downloads/graalvm-ce-java8-20.0.0/jre/lib/jce.jar:/root/Downloads/graalvm-ce-java8-20.0.0/jre/lib/charsets.jar:/root/Downloads/graalvm-ce-java8-20.0.0/jre/lib/jfr.jar:/root/Downloads/graalvm-ce-java8-20.0.0/jre/lib/jvmci-services.jar:/root/Downloads/graalvm-ce-java8-20.0.0/jre/classes:/root/Downloads/graalvm-ce-java8-20.0.0/jre/lib/boot/graaljs-scriptengine.jar:/root/Downloads/graalvm-ce-java8-20.0.0/jre/lib/boot/graal-sdk.jar"/>
    <property name="sun.management.compiler" value="HotSpot 64-Bit Tiered Compilers"/>
    <property name="java.runtime.version" value="1.8.0_242-b06"/>
    <property name="user.name" value="root"/>
    <property name="path.separator" value=":"/>
    <property name="os.version" value="5.3.0-kali2-amd64"/>
    <property name="java.endorsed.dirs" value="/root/Downloads/graalvm-ce-java8-20.0.0/jre/lib/endorsed"/>
    <property name="java.runtime.name" value="OpenJDK Runtime Environment"/>
    <property name="file.encoding" value="UTF-8"/>
    <property name="java.vm.name" value="OpenJDK 64-Bit Server VM GraalVM CE 20.0.0"/>
    <property name="jvmci.Compiler" value="graal"/>
    <property name="localRepository" value="/root/.m2/repository"/>
    <property name="java.vendor.url.bug" value="http://bugreport.sun.com/bugreport/"/>
    <property name="java.io.tmpdir" value="/tmp"/>
    <property name="java.version" value="1.8.0_242"/>
    <property name="user.dir" value="/root/Desktop/tutorials/src/cucumber-poc"/>
    <property name="os.arch" value="amd64"/>
    <property name="java.vm.specification.name" value="Java Virtual Machine Specification"/>
    <property name="java.awt.printerjob" value="sun.print.PSPrinterJob"/>
    <property name="sun.os.patch.level" value="unknown"/>
    <property name="idea.version2019.3.3" value="true"/>
    <property name="java.library.path" value="/usr/java/packages/lib/amd64:/usr/lib64:/lib64:/lib:/usr/lib"/>
    <property name="java.vm.info" value="mixed mode"/>
    <property name="java.vendor" value="Oracle Corporation"/>
    <property name="java.vm.version" value="25.242-b06-jvmci-20.0-b02"/>
    <property name="java.ext.dirs" value="/root/Downloads/graalvm-ce-java8-20.0.0/jre/lib/ext:/usr/java/packages/lib/ext"/>
    <property name="sun.io.unicode.encoding" value="UnicodeLittle"/>
    <property name="java.class.version" value="52.0"/>
  </properties>
  <testcase name="EMPTY_NAME" classname="CRUD for Book resource" time="0">
    <skipped message="The step &quot;I have a book dao&quot; is undefined"/>
    <system-out><![CDATA[&amp#27;[33mU&amp#27;[0m&amp#27;[36m-&amp#27;[0m&amp#27;[33mU&amp#27;[0m]]></system-out>
  </testcase>
  <testcase name="EMPTY_NAME" classname="CRUD for Book resource" time="0">
    <skipped message="The step &quot;&quot;Java8 in Action&quot; will be available in the list of books&quot; is undefined"/>
  </testcase>
  <testcase name="EMPTY_NAME" classname="CRUD for Book resource" time="0">
    <skipped message="The step &quot;I have a book dao&quot; is undefined"/>
    <system-out><![CDATA[&amp#27;[33mU&amp#27;[0m&amp#27;[36m-&amp#27;[0m&amp#27;[33mU&amp#27;[0m]]></system-out>
  </testcase>
  <testcase name="EMPTY_NAME" classname="CRUD for Book resource" time="0">
    <skipped message="The step &quot;&quot;Spring in Action&quot; will be available in the list of books&quot; is undefined"/>
  </testcase>
</testsuite>